<?xml version="1.0" encoding="UTF-8"?>
<testsuite xmlns:xsi="http://www.w3.org/2001/XMLSchema-instance" xsi:noNamespaceSchemaLocation="https://maven.apache.org/surefire/maven-surefire-plugin/xsd/surefire-test-report.xsd" name="com.wongnai.interview.movie.MoviesControllerIntegrationTest" time="116.479" tests="1" errors="0" skipped="0" failures="1">
  <properties>
[...]
</properties>
  <testcase name="testSearchWithRestApi" classname="com.wongnai.interview.movie.MoviesControllerIntegrationTest" time="0.765">
    <failure message="JSON path &quot;$.length()&quot;&#10;Expected: &lt;7&gt;&#10;     but: was &lt;14&gt;" type="java.lang.AssertionError"><![CDATA[java.lang.AssertionError: 
JSON path "$.length()"
Expected: <7>
     but: was <14>
	at com.wongnai.interview.movie.MoviesControllerIntegrationTest.testSearchWithRestApi(MoviesControllerIntegrationTest.java:30)
]]></failure>
    <system-out><![CDATA[2019-04-17 22:03:16.250  INFO 6596 --- [           main] .b.t.c.SpringBootTestContextBootstrapper : Neither @ContextConfiguration nor @ContextHierarchy found for test class [com.wongnai.interview.movie.MoviesControllerIntegrationTest], using SpringBootContextLoader
2019-04-17 22:03:16.250  INFO 6596 --- [           main] o.s.t.c.support.AbstractContextLoader    : Could not detect default resource locations for test class [com.wongnai.interview.movie.MoviesControllerIntegrationTest]: no resource found for suffixes {-context.xml, Context.groovy}.
2019-04-17 22:03:16.250  INFO 6596 --- [           main] t.c.s.AnnotationConfigContextLoaderUtils : Could not detect default configuration classes for test class [com.wongnai.interview.movie.MoviesControllerIntegrationTest]: MoviesControllerIntegrationTest does not declare any static, non-private, non-final, nested classes annotated with @Configuration.
2019-04-17 22:03:16.265  INFO 6596 --- [           main] .b.t.c.SpringBootTestContextBootstrapper : Found @SpringBootConfiguration com.wongnai.interview.Application for test class com.wongnai.interview.movie.MoviesControllerIntegrationTest
2019-04-17 22:03:16.265  INFO 6596 --- [           main] .b.t.c.SpringBootTestContextBootstrapper : Loaded default TestExecutionListener class names from location [META-INF/spring.factories]: [org.springframework.boot.test.mock.mockito.MockitoTestExecutionListener, org.springframework.boot.test.mock.mockito.ResetMocksTestExecutionListener, org.springframework.boot.test.autoconfigure.restdocs.RestDocsTestExecutionListener, org.springframework.boot.test.autoconfigure.web.client.MockRestServiceServerResetTestExecutionListener, org.springframework.boot.test.autoconfigure.web.servlet.MockMvcPrintOnlyOnFailureTestExecutionListener, org.springframework.boot.test.autoconfigure.web.servlet.WebDriverTestExecutionListener, org.springframework.test.context.web.ServletTestExecutionListener, org.springframework.test.context.support.DirtiesContextBeforeModesTestExecutionListener, org.springframework.test.context.support.DependencyInjectionTestExecutionListener, org.springframework.test.context.support.DirtiesContextTestExecutionListener, org.springframework.test.context.transaction.TransactionalTestExecutionListener, org.springframework.test.context.jdbc.SqlScriptsTestExecutionListener]
2019-04-17 22:03:16.265  INFO 6596 --- [           main] .b.t.c.SpringBootTestContextBootstrapper : Using TestExecutionListeners: [org.springframework.test.context.web.ServletTestExecutionListener@51626d65, org.springframework.test.context.support.DirtiesContextBeforeModesTestExecutionListener@69089f41, org.springframework.boot.test.mock.mockito.MockitoTestExecutionListener@2d2ce9c4, org.springframework.boot.test.autoconfigure.SpringBootDependencyInjectionTestExecutionListener@209b2fbb, org.springframework.test.context.support.DirtiesContextTestExecutionListener@62506788, org.springframework.test.context.transaction.TransactionalTestExecutionListener@4f0f1e14, org.springframework.test.context.jdbc.SqlScriptsTestExecutionListener@527bcf8, org.springframework.boot.test.mock.mockito.ResetMocksTestExecutionListener@7c38ad10, org.springframework.boot.test.autoconfigure.restdocs.RestDocsTestExecutionListener@1d35f938, org.springframework.boot.test.autoconfigure.web.client.MockRestServiceServerResetTestExecutionListener@2afdab34, org.springframework.boot.test.autoconfigure.web.servlet.MockMvcPrintOnlyOnFailureTestExecutionListener@120502ef, org.springframework.boot.test.autoconfigure.web.servlet.WebDriverTestExecutionListener@2b6c6d92]

  .   ____          _            __ _ _
 /\\ / ___'_ __ _ _(_)_ __  __ _ \ \ \ \
( ( )\___ | '_ | '_| | '_ \/ _` | \ \ \ \
 \\/  ___)| |_)| | | | | || (_| |  ) ) ) )
  '  |____| .__|_| |_|_| |_\__, | / / / /
 =========|_|==============|___/=/_/_/_/
 :: Spring Boot ::        (v2.1.3.RELEASE)

2019-04-17 22:03:16.312  INFO 6596 --- [           main] c.w.i.m.MoviesControllerIntegrationTest  : Starting MoviesControllerIntegrationTest on KoBoYeah-PC with PID 6596 (started by KoBoYeah in D:\MyWork\java-homework)
2019-04-17 22:03:16.312  INFO 6596 --- [           main] c.w.i.m.MoviesControllerIntegrationTest  : No active profile set, falling back to default profiles: default
2019-04-17 22:03:16.531  INFO 6596 --- [           main] .s.d.r.c.RepositoryConfigurationDelegate : Bootstrapping Spring Data repositories in DEFAULT mode.
2019-04-17 22:03:16.546  INFO 6596 --- [           main] .s.d.r.c.RepositoryConfigurationDelegate : Finished Spring Data repository scanning in 15ms. Found 1 repository interfaces.
2019-04-17 22:03:16.687  INFO 6596 --- [           main] trationDelegate$BeanPostProcessorChecker : Bean 'org.springframework.transaction.annotation.ProxyTransactionManagementConfiguration' of type [org.springframework.transaction.annotation.ProxyTransactionManagementConfiguration$$EnhancerBySpringCGLIB$$b312e014] is not eligible for getting processed by all BeanPostProcessors (for example: not eligible for auto-proxying)
2019-04-17 22:03:16.780  INFO 6596 --- [           main] com.zaxxer.hikari.HikariDataSource       : HikariPool-2 - Starting...
2019-04-17 22:03:16.780  WARN 6596 --- [           main] com.zaxxer.hikari.util.DriverDataSource  : Registered driver with driverClassName=org.hsqldb.jdbcDriver was not found, trying direct instantiation.
2019-04-17 22:03:16.780  INFO 6596 --- [           main] com.zaxxer.hikari.pool.PoolBase          : HikariPool-2 - Driver does not support get/set network timeout for connections. (feature not supported)
2019-04-17 22:03:16.780  INFO 6596 --- [           main] com.zaxxer.hikari.HikariDataSource       : HikariPool-2 - Start completed.
2019-04-17 22:03:16.811  INFO 6596 --- [           main] o.hibernate.jpa.internal.util.LogHelper  : HHH000204: Processing PersistenceUnitInfo [
	name: default
	...]
2019-04-17 22:03:16.811  INFO 6596 --- [           main] org.hibernate.dialect.Dialect            : HHH000400: Using dialect: org.hibernate.dialect.HSQLDialect
2019-04-17 22:03:16.922  INFO 6596 --- [           main] j.LocalContainerEntityManagerFactoryBean : Initialized JPA EntityManagerFactory for persistence unit 'default'
2019-04-17 22:03:16.984  INFO 6596 --- [           main] o.h.h.i.QueryTranslatorFactoryInitiator  : HHH000397: Using ASTQueryTranslatorFactory
DemoBean was initialized
2019-04-17 22:05:11.696  INFO 6596 --- [           main] o.s.s.concurrent.ThreadPoolTaskExecutor  : Initializing ExecutorService 'applicationTaskExecutor'
2019-04-17 22:05:11.712  WARN 6596 --- [           main] aWebConfiguration$JpaWebMvcConfiguration : spring.jpa.open-in-view is enabled by default. Therefore, database queries may be performed during view rendering. Explicitly configure spring.jpa.open-in-view to disable this warning
2019-04-17 22:05:11.979  INFO 6596 --- [           main] o.s.b.t.m.w.SpringBootMockServletContext : Initializing Spring TestDispatcherServlet ''
2019-04-17 22:05:11.979  INFO 6596 --- [           main] o.s.t.web.servlet.TestDispatcherServlet  : Initializing Servlet ''
2019-04-17 22:05:11.995  INFO 6596 --- [           main] o.s.t.web.servlet.TestDispatcherServlet  : Completed initialization in 16 ms
2019-04-17 22:05:12.026  INFO 6596 --- [           main] c.w.i.m.MoviesControllerIntegrationTest  : Started MoviesControllerIntegrationTest in 115.745 seconds (JVM running for 612.065)

MockHttpServletRequest:
      HTTP Method = GET
      Request URI = /movies/search
       Parameters = {q=[Glorious]}
          Headers = []
             Body = null
    Session Attrs = {}

Handler:
             Type = com.wongnai.interview.movie.MoviesController
           Method = public java.util.List<com.wongnai.interview.movie.Movie> com.wongnai.interview.movie.MoviesController.searchTitleWithKeyword(java.lang.String)

Async:
    Async started = false
     Async result = null

Resolved Exception:
             Type = null

ModelAndView:
        View name = null
             View = null
            Model = null

FlashMap:
       Attributes = null

MockHttpServletResponse:
           Status = 200
    Error message = null
          Headers = [Content-Type:"application/json;charset=UTF-8"]
     Content type = application/json;charset=UTF-8
             Body = [{"id":1339,"name":"The Glorious Lady","actors":["Olive Thomas","Matt Moore","Evelyn Brent"]},{"id":2200,"name":"The Glorious Fool","actors":["Helene Chadwick","Richard Dix"]},{"id":2319,"name":"One Glorious Day","actors":["Will Rogers","Lila Lee"]},{"id":3181,"name":"One Glorious Night","actors":["Elaine Hammerstein","Alan Roscoe"]},{"id":4743,"name":"Glorious Betsy","actors":["Dolores Costello","Conrad Nagel"]},{"id":5163,"name":"His Glorious Night","actors":["John Gilbert","Catherine Dale Owen"]},{"id":25652,"name":"Borat! Cultural Learnings of America for Make Benefit Glorious Nation of Kazakhstan","actors":["Sacha Baron Cohen","Ken Davitian","Luenell"]},{"id":30134,"name":"The Glorious Lady","actors":["Olive Thomas","Matt Moore","Evelyn Brent"]},{"id":30995,"name":"The Glorious Fool","actors":["Helene Chadwick","Richard Dix"]},{"id":31114,"name":"One Glorious Day","actors":["Will Rogers","Lila Lee"]},{"id":31976,"name":"One Glorious Night","actors":["Elaine Hammerstein","Alan Roscoe"]},{"id":33538,"name":"Glorious Betsy","actors":["Dolores Costello","Conrad Nagel"]},{"id":33958,"name":"His Glorious Night","actors":["John Gilbert","Catherine Dale Owen"]},{"id":54447,"name":"Borat! Cultural Learnings of America for Make Benefit Glorious Nation of Kazakhstan","actors":["Sacha Baron Cohen","Ken Davitian","Luenell"]}]
    Forwarded URL = null
   Redirected URL = null
          Cookies = []
]]></system-out>
  </testcase>
</testsuite>